<?xml version="1.0" encoding="UTF-8"?>
<testng-results total="3" passed="3" failed="0" skipped="0">
  <reporter-output>
  </reporter-output>
  <suite started-at="2020-08-12T15:57:37Z" name="Suite" finished-at="2020-08-12T15:57:50Z" duration-ms="13033">
    <groups>
      <group name="cucumber">
        <method signature="AbstractTestNGCucumberTests.feature(cucumber.api.testng.CucumberFeatureWrapper)[pri:0, instance:testrunner.testRunner@36676c1a]" name="feature" class="cucumber.api.testng.AbstractTestNGCucumberTests"/>
      </group> <!-- cucumber -->
    </groups>
    <test started-at="2020-08-12T15:57:37Z" name="test1" finished-at="2020-08-12T15:57:50Z" duration-ms="13033">
      <class name="testrunner.testRunner">
        <test-method is-config="true" signature="setUpClass()[pri:0, instance:testrunner.testRunner@36676c1a]" started-at="2020-08-12T21:27:02Z" name="setUpClass" finished-at="2020-08-12T21:27:02Z" duration-ms="208" status="PASS">
          <reporter-output>
          </reporter-output>
        </test-method> <!-- setUpClass -->
        <test-method signature="feature(cucumber.api.testng.CucumberFeatureWrapper)[pri:0, instance:testrunner.testRunner@36676c1a]" started-at="2020-08-12T21:27:02Z" name="feature" description="Runs Cucumber Feature" data-provider="features" finished-at="2020-08-12T21:27:23Z" duration-ms="20900" status="PASS">
          <params>
            <param index="0">
              <value>
                <![CDATA[Application login]]>
              </value>
            </param>
          </params>
          <reporter-output>
          </reporter-output>
        </test-method> <!-- feature -->
        <test-method is-config="true" signature="tearDownClass()[pri:0, instance:testrunner.testRunner@36676c1a]" started-at="2020-08-12T21:27:23Z" name="tearDownClass" finished-at="2020-08-12T21:27:23Z" duration-ms="5" status="PASS">
          <reporter-output>
          </reporter-output>
        </test-method> <!-- tearDownClass -->
        <test-method signature="feature(cucumber.api.testng.CucumberFeatureWrapper)[pri:0, instance:testrunner.testRunner@36676c1a]" started-at="2020-08-12T21:27:23Z" name="feature" description="Runs Cucumber Feature" data-provider="features" finished-at="2020-08-12T21:27:37Z" duration-ms="13631" status="PASS">
          <params>
            <param index="0">
              <value>
                <![CDATA[Application login]]>
              </value>
            </param>
          </params>
          <reporter-output>
          </reporter-output>
        </test-method> <!-- feature -->
        <test-method is-config="true" signature="tearDownClass()[pri:0, instance:testrunner.testRunner@36676c1a]" started-at="2020-08-12T21:27:37Z" name="tearDownClass" finished-at="2020-08-12T21:27:37Z" duration-ms="2" status="PASS">
          <reporter-output>
          </reporter-output>
        </test-method> <!-- tearDownClass -->
        <test-method signature="feature(cucumber.api.testng.CucumberFeatureWrapper)[pri:0, instance:testrunner.testRunner@36676c1a]" started-at="2020-08-12T21:27:37Z" name="feature" description="Runs Cucumber Feature" data-provider="features" finished-at="2020-08-12T21:27:50Z" duration-ms="13029" status="PASS">
          <params>
            <param index="0">
              <value>
                <![CDATA[Application login]]>
              </value>
            </param>
          </params>
          <reporter-output>
          </reporter-output>
        </test-method> <!-- feature -->
        <test-method is-config="true" signature="tearDownClass()[pri:0, instance:testrunner.testRunner@36676c1a]" started-at="2020-08-12T21:27:50Z" name="tearDownClass" finished-at="2020-08-12T21:27:50Z" duration-ms="1" status="PASS">
          <reporter-output>
          </reporter-output>
        </test-method> <!-- tearDownClass -->
      </class> <!-- testrunner.testRunner -->
    </test> <!-- test1 -->
  </suite> <!-- Suite -->
</testng-results>
