<?xml version="1.0" encoding="UTF-8"?>
<testng-results total="1" passed="1" failed="0" skipped="0">
  <reporter-output>
  </reporter-output>
  <suite started-at="2020-08-12T15:23:31Z" name="Suite" finished-at="2020-08-12T15:23:46Z" duration-ms="15053">
    <groups>
      <group name="cucumber">
        <method signature="AbstractTestNGCucumberTests.feature(cucumber.api.testng.CucumberFeatureWrapper)[pri:0, instance:testrunner.testRunner@21337f7b]" name="feature" class="cucumber.api.testng.AbstractTestNGCucumberTests"/>
      </group> <!-- cucumber -->
    </groups>
    <test started-at="2020-08-12T15:23:31Z" name="test1" finished-at="2020-08-12T15:23:46Z" duration-ms="15053">
      <class name="testrunner.testRunner">
        <test-method is-config="true" signature="setUpClass()[pri:0, instance:testrunner.testRunner@21337f7b]" started-at="2020-08-12T20:53:31Z" name="setUpClass" finished-at="2020-08-12T20:53:31Z" duration-ms="259" status="PASS">
          <reporter-output>
          </reporter-output>
        </test-method> <!-- setUpClass -->
        <test-method signature="feature(cucumber.api.testng.CucumberFeatureWrapper)[pri:0, instance:testrunner.testRunner@21337f7b]" started-at="2020-08-12T20:53:31Z" name="feature" description="Runs Cucumber Feature" data-provider="features" finished-at="2020-08-12T20:53:46Z" duration-ms="14686" status="PASS">
          <params>
            <param index="0">
              <value>
                <![CDATA[Application login]]>
              </value>
            </param>
          </params>
          <reporter-output>
          </reporter-output>
        </test-method> <!-- feature -->
        <test-method is-config="true" signature="tearDownClass()[pri:0, instance:testrunner.testRunner@21337f7b]" started-at="2020-08-12T20:53:46Z" name="tearDownClass" finished-at="2020-08-12T20:53:46Z" duration-ms="9" status="PASS">
          <reporter-output>
          </reporter-output>
        </test-method> <!-- tearDownClass -->
      </class> <!-- testrunner.testRunner -->
    </test> <!-- test1 -->
  </suite> <!-- Suite -->
</testng-results>
